<?xml version="1.0" encoding="UTF-8"?>
<!-- Generated by org.testng.reporters.JUnitReportReporter -->
<testsuite hostname="DimaM-PC" name="accountTest.TestSmoke" tests="1" failures="0" timestamp="20 Oct 2015 07:08:53 GMT" time="18.826" errors="0">
  <testcase name="login" time="18.826" classname="accountTest.TestSmoke"/>
</testsuite> <!-- accountTest.TestSmoke -->
