<?xml version="1.0" encoding="UTF-8"?>
<!-- Generated by org.testng.reporters.JUnitReportReporter -->
<testsuite hostname="DimaM-PC" name="accountTest.TestUpload" tests="2" failures="0" timestamp="20 Oct 2015 07:08:53 GMT" time="22.596" errors="0">
  <testcase name="boxUpload" time="22.596" classname="accountTest.TestUpload"/>
  <testcase name="oneDriveUpload" time="0.000" classname="accountTest.TestUpload"/>
</testsuite> <!-- accountTest.TestUpload -->
